{
  "RSpec": {
    "coverage": {
      "/home/alicebrunel/tic-tac-toe-rb-online-web-sp-000/lib/tic_tac_toe.rb": [
        null,
        null,
        1,
        20,
        20,
        20,
        20,
        20,
        null,
        null,
        null,
        null,
        1,
        19,
        null,
        null,
        1,
        18,
        null,
        null,
        1,
        180,
        null,
        null,
        1,
        19,
        null,
        null,
        1,
        16,
        16,
        16,
        16,
        15,
        15,
        null,
        1,
        1,
        null,
        null,
        null,
        1,
        null,
        2,
        2,
        18,
        5,
        null,
        null,
        2,
        null,
        null,
        1,
        1,
        null,
        null,
        null,
        null,
        null,
        null,
        1,
        null,
        null,
        null,
        null,
        null,
        null,
        null,
        null,
        null,
        null,
        1,
        53,
        322,
        null,
        null,
        null,
        null,
        null,
        1,
        183,
        null,
        null,
        1,
        27,
        null,
        null,
        1,
        17,
        null,
        null,
        1,
        8,
        7,
        null,
        null,
        null,
        1,
        12,
        13,
        null,
        12,
        6,
        null,
        12,
        3,
        null,
        null,
        null,
        null
      ]
    },
    "timestamp": 1562289159
  }
}
